
A module that was compiled using NumPy 1.x cannot be run in
NumPy 2.2.6 as it may crash. To support both 1.x and 2.x
versions of NumPy, modules must be compiled with NumPy 2.0.
Some module may need to rebuild instead e.g. with 'pybind11>=2.12'.

If you are a user of the module, the easiest solution will be to
downgrade to 'numpy<2' or try to upgrade the affected module.
We expect that some modules will need time to support NumPy 2.

Traceback (most recent call last):  File "/Users/vishalgowda/votecrypt/backend/main.py", line 14, in <module>
    from face_verification import verify_face_match, FaceVerificationError
  File "/Users/vishalgowda/votecrypt/backend/face_verification.py", line 6, in <module>
    import cv2
  File "/Users/vishalgowda/votecrypt/backend/venv312/lib/python3.12/site-packages/cv2/__init__.py", line 181, in <module>
    bootstrap()
  File "/Users/vishalgowda/votecrypt/backend/venv312/lib/python3.12/site-packages/cv2/__init__.py", line 153, in bootstrap
    native_module = importlib.import_module("cv2")
  File "/opt/homebrew/Cellar/python@3.12/3.12.12/Frameworks/Python.framework/Versions/3.12/lib/python3.12/importlib/__init__.py", line 90, in import_module
    return _bootstrap._gcd_import(name[level:], package, level)
AttributeError: _ARRAY_API not found
Traceback (most recent call last):
  File "/Users/vishalgowda/votecrypt/backend/main.py", line 14, in <module>
    from face_verification import verify_face_match, FaceVerificationError
  File "/Users/vishalgowda/votecrypt/backend/face_verification.py", line 6, in <module>
    import cv2
  File "/Users/vishalgowda/votecrypt/backend/venv312/lib/python3.12/site-packages/cv2/__init__.py", line 181, in <module>
    bootstrap()
  File "/Users/vishalgowda/votecrypt/backend/venv312/lib/python3.12/site-packages/cv2/__init__.py", line 153, in bootstrap
    native_module = importlib.import_module("cv2")
                    ^^^^^^^^^^^^^^^^^^^^^^^^^^^^^^
  File "/opt/homebrew/Cellar/python@3.12/3.12.12/Frameworks/Python.framework/Versions/3.12/lib/python3.12/importlib/__init__.py", line 90, in import_module
    return _bootstrap._gcd_import(name[level:], package, level)
           ^^^^^^^^^^^^^^^^^^^^^^^^^^^^^^^^^^^^^^^^^^^^^^^^^^^^
ImportError: numpy.core.multiarray failed to import
